<?xml version="1.0" encoding="UTF-8"?>
<!-- Generated by org.testng.reporters.JUnitReportReporter -->
<testsuite hostname="DESKTOP-ACPQAES" failures="0" tests="1" name="testscript.CategoryPageTest" time="3.784" errors="0" timestamp="2025-03-19T05:34:12 IST" skipped="0">
  <testcase classname="testscript.CategoryPageTest" name="VerifyCategoryPage" time="3.784"/>
</testsuite> <!-- testscript.CategoryPageTest -->
