<?xml version="1.0" encoding="UTF-8"?>
<!-- Generated by org.testng.reporters.JUnitReportReporter -->
<testsuite hostname="DESKTOP-ACPQAES" failures="0" tests="2" name="testscript.LoginPageTest" time="37.847" errors="0" timestamp="2025-04-03T10:26:48 IST" skipped="0">
  <testcase classname="testscript.LoginPageTest" name="verifyUsercanloginWithValidPassword" time="20.214"/>
  <testcase classname="testscript.LoginPageTest" name="verifyUsercanloginWithValidPassword" time="17.633"/>
</testsuite> <!-- testscript.LoginPageTest -->
