<?xml version="1.0" encoding="UTF-8"?>
<!-- Generated by org.testng.reporters.JUnitReportReporter -->
<testsuite hostname="DESKTOP-ACPQAES" failures="0" tests="1" name="testscript.SearchListCategoryPageTest" time="18.408" errors="0" timestamp="2025-04-03T09:17:35 IST" skipped="0">
  <testcase classname="testscript.SearchListCategoryPageTest" name="verifySearchListCategoryPage" time="18.408"/>
</testsuite> <!-- testscript.SearchListCategoryPageTest -->
