<?xml version="1.0" encoding="UTF-8"?>
<!-- Generated by org.testng.reporters.JUnitReportReporter -->
<testsuite hostname="DESKTOP-ACPQAES" failures="0" tests="1" name="testscript.AddCategoryPageTest" time="25.242" errors="0" timestamp="2025-04-03T09:17:35 IST" skipped="0">
  <testcase classname="testscript.AddCategoryPageTest" name="VerifyAddCategoryPage" time="25.242"/>
</testsuite> <!-- testscript.AddCategoryPageTest -->
