<?xml version="1.0" encoding="UTF-8"?>
<!-- Generated by org.testng.reporters.JUnitReportReporter -->
<testsuite hostname="DESKTOP-ACPQAES" failures="0" tests="1" name="testscript.TestDemoSubCategoryPage" time="5.274" errors="0" timestamp="2025-04-01T06:55:11 IST" skipped="0">
  <testcase classname="testscript.TestDemoSubCategoryPage" name="verifyAddNewSubCategoryPage" time="5.274"/>
</testsuite> <!-- testscript.TestDemoSubCategoryPage -->
