<?xml version="1.0" encoding="UTF-8"?>
<!-- Generated by org.testng.reporters.JUnitReportReporter -->
<testsuite hostname="DESKTOP-ACPQAES" failures="0" tests="1" name="testscript.ResetUserPageTest" time="7.225" errors="0" timestamp="2025-03-25T14:56:09 IST" skipped="0">
  <testcase classname="testscript.ResetUserPageTest" name="VerifyResetButton" time="7.225"/>
</testsuite> <!-- testscript.ResetUserPageTest -->
