<?xml version="1.0" encoding="UTF-8"?>
<!-- Generated by org.testng.reporters.JUnitReportReporter -->
<testsuite hostname="DESKTOP-ACPQAES" failures="0" tests="1" name="testscript.MoreInfoPageTest" time="13.053" errors="0" timestamp="2025-03-18T11:53:01 IST" skipped="0">
  <testcase classname="testscript.MoreInfoPageTest" name="verifyMoreInfoPage" time="13.053"/>
</testsuite> <!-- testscript.MoreInfoPageTest -->
