<?xml version="1.0" encoding="UTF-8"?>
<!-- Generated by org.testng.reporters.JUnitReportReporter -->
<testsuite hostname="DESKTOP-ACPQAES" failures="0" tests="1" name="testscript.SearchUserPageTest" time="7.612" errors="0" timestamp="2025-03-25T15:05:41 IST" skipped="0">
  <testcase classname="testscript.SearchUserPageTest" name="VerifySearchUserPage" time="7.612"/>
</testsuite> <!-- testscript.SearchUserPageTest -->
