<?xml version="1.0" encoding="UTF-8"?>
<!-- Generated by org.testng.reporters.JUnitReportReporter -->
<testsuite hostname="DESKTOP-ACPQAES" failures="0" tests="1" name="testscript.AdminUsersPageTest" time="10.645" errors="0" timestamp="2025-03-24T10:38:19 IST" skipped="0">
  <testcase classname="testscript.AdminUsersPageTest" name="verifyMoreInfoPage" time="10.645"/>
</testsuite> <!-- testscript.AdminUsersPageTest -->
